D:\OOP\лаба2\CONSOLEAPPLICATION1\CONSOLEAPPLICATION1\DEBUG\ANIMALS.PCH
D:\OOP\лаба2\CONSOLEAPPLICATION1\CONSOLEAPPLICATION1\DEBUG\STDAFX.OBJ
D:\OOP\ЛАБА2\CONSOLEAPPLICATION1\CONSOLEAPPLICATION1\DEBUG\VC110.PDB
D:\OOP\лаба2\CONSOLEAPPLICATION1\CONSOLEAPPLICATION1\DEBUG\AMPHIBIA.OBJ
D:\OOP\лаба2\CONSOLEAPPLICATION1\CONSOLEAPPLICATION1\DEBUG\ANIMALS.OBJ
D:\OOP\лаба2\CONSOLEAPPLICATION1\CONSOLEAPPLICATION1\DEBUG\BIRD.OBJ
D:\OOP\лаба2\CONSOLEAPPLICATION1\CONSOLEAPPLICATION1\DEBUG\MAIN.OBJ
D:\OOP\лаба2\CONSOLEAPPLICATION1\CONSOLEAPPLICATION1\DEBUG\CROCODILE.OBJ
D:\OOP\лаба2\CONSOLEAPPLICATION1\CONSOLEAPPLICATION1\DEBUG\FISH.OBJ
D:\OOP\лаба2\CONSOLEAPPLICATION1\CONSOLEAPPLICATION1\DEBUG\LION.OBJ
D:\OOP\лаба2\CONSOLEAPPLICATION1\CONSOLEAPPLICATION1\DEBUG\MAMMALS.OBJ
D:\OOP\лаба2\CONSOLEAPPLICATION1\CONSOLEAPPLICATION1\DEBUG\OWL.OBJ
D:\OOP\лаба2\CONSOLEAPPLICATION1\CONSOLEAPPLICATION1\DEBUG\PARROT.OBJ
D:\OOP\лаба2\CONSOLEAPPLICATION1\CONSOLEAPPLICATION1\DEBUG\SHARK.OBJ
D:\OOP\лаба2\CONSOLEAPPLICATION1\CONSOLEAPPLICATION1\DEBUG\TIGER.OBJ
D:\OOP\лаба2\CONSOLEAPPLICATION1\CONSOLEAPPLICATION1\DEBUG\CONSOLEAPPLICATION.OBJ
D:\OOP\лаба2\CONSOLEAPPLICATION1\CONSOLEAPPLICATION1\DEBUG\CONSOLEAPPLICATION1.OBJ
D:\OOP\лаба2\CONSOLEAPPLICATION1\CONSOLEAPPLICATION1\DEBUG\CLASSES.OBJ
D:\OOP\лаба2\CONSOLEAPPLICATION1\DEBUG\ANIMALS.ILK
D:\OOP\лаба2\CONSOLEAPPLICATION1\DEBUG\ANIMALS.EXE
D:\OOP\ЛАБА2\CONSOLEAPPLICATION1\DEBUG\ANIMALS.PDB
D:\oop\лаба2\ConsoleApplication1\ConsoleApplication1\Debug\Classes.obj
D:\oop\лаба2\ConsoleApplication1\ConsoleApplication1\Debug\ConsoleApplication.obj
D:\oop\лаба2\ConsoleApplication1\ConsoleApplication1\Debug\ConsoleApplication1.obj
D:\oop\лаба2\ConsoleApplication1\ConsoleApplication1\Debug\main.obj
D:\oop\лаба2\ConsoleApplication1\ConsoleApplication1\Debug\stdafx.obj
D:\oop\лаба2\ConsoleApplication1\ConsoleApplication1\Debug\cl.command.1.tlog
D:\oop\лаба2\ConsoleApplication1\ConsoleApplication1\Debug\CL.read.1.tlog
D:\oop\лаба2\ConsoleApplication1\ConsoleApplication1\Debug\CL.write.1.tlog
D:\oop\лаба2\ConsoleApplication1\ConsoleApplication1\Debug\link-cvtres.read.1.tlog
D:\oop\лаба2\ConsoleApplication1\ConsoleApplication1\Debug\link-cvtres.write.1.tlog
D:\oop\лаба2\ConsoleApplication1\ConsoleApplication1\Debug\link-rc.read.1.tlog
D:\oop\лаба2\ConsoleApplication1\ConsoleApplication1\Debug\link-rc.write.1.tlog
D:\oop\лаба2\ConsoleApplication1\ConsoleApplication1\Debug\link.12088-cvtres.read.1.tlog
D:\oop\лаба2\ConsoleApplication1\ConsoleApplication1\Debug\link.12088-cvtres.write.1.tlog
D:\oop\лаба2\ConsoleApplication1\ConsoleApplication1\Debug\link.12088-rc.read.1.tlog
D:\oop\лаба2\ConsoleApplication1\ConsoleApplication1\Debug\link.12088-rc.write.1.tlog
D:\oop\лаба2\ConsoleApplication1\ConsoleApplication1\Debug\link.12088.read.1.tlog
D:\oop\лаба2\ConsoleApplication1\ConsoleApplication1\Debug\link.12088.write.1.tlog
D:\oop\лаба2\ConsoleApplication1\ConsoleApplication1\Debug\link.14300-cvtres.read.1.tlog
D:\oop\лаба2\ConsoleApplication1\ConsoleApplication1\Debug\link.14300-cvtres.write.1.tlog
D:\oop\лаба2\ConsoleApplication1\ConsoleApplication1\Debug\link.14300-rc.read.1.tlog
D:\oop\лаба2\ConsoleApplication1\ConsoleApplication1\Debug\link.14300-rc.write.1.tlog
D:\oop\лаба2\ConsoleApplication1\ConsoleApplication1\Debug\link.14300.read.1.tlog
D:\oop\лаба2\ConsoleApplication1\ConsoleApplication1\Debug\link.14300.write.1.tlog
D:\oop\лаба2\ConsoleApplication1\ConsoleApplication1\Debug\link.command.1.tlog
D:\oop\лаба2\ConsoleApplication1\ConsoleApplication1\Debug\link.read.1.tlog
D:\oop\лаба2\ConsoleApplication1\ConsoleApplication1\Debug\link.write.1.tlog
D:\oop\лаба2\ConsoleApplication1\ConsoleApplication1\Debug\animals.pch
D:\oop\лаба2\ConsoleApplication1\ConsoleApplication1\Debug\vc110.idb
D:\oop\лаба2\ConsoleApplication1\ConsoleApplication1\Debug\vc110.pdb
D:\oop\лаба2\ConsoleApplication1\Debug\animals.pdb
D:\oop\лаба2\ConsoleApplication1\Debug\animals.exe
D:\oop\лаба2\ConsoleApplication1\Debug\animals.ilk
