Построение начато 21.09.2016 21:25:33.
     1>Проект "D:\oop\лаба2\ConsoleApplication1\ConsoleApplication1\ConsoleApplication1.vcxproj" в узле 2 (целевые объекты Build).
     1>ClCompile:
         D:\Program\Visual Studio\VC\bin\CL.exe /c /ZI /nologo /W3 /WX- /sdl /Od /Oy- /D WIN32 /D _DEBUG /D _CONSOLE /D _UNICODE /D UNICODE /Gm /EHsc /RTC1 /MDd /GS /fp:precise /Zc:wchar_t /Zc:forScope /Yu"stdafx.h" /Fp"Debug\animals.pch" /Fo"Debug\\" /Fd"Debug\vc110.pdb" /Gd /TP /analyze- /errorReport:prompt Classes.cpp
         Classes.cpp
       Link:
         D:\Program\Visual Studio\VC\bin\link.exe /ERRORREPORT:PROMPT /OUT:"D:\oop\лаба2\ConsoleApplication1\Debug\animals.exe" /INCREMENTAL /NOLOGO kernel32.lib user32.lib gdi32.lib winspool.lib comdlg32.lib advapi32.lib shell32.lib ole32.lib oleaut32.lib uuid.lib odbc32.lib odbccp32.lib /MANIFEST /MANIFESTUAC:"level='asInvoker' uiAccess='false'" /manifest:embed /DEBUG /PDB:"D:\oop\лаба2\ConsoleApplication1\Debug\animals.pdb" /SUBSYSTEM:CONSOLE /TLBID:1 /DYNAMICBASE /NXCOMPAT /IMPLIB:"D:\oop\лаба2\ConsoleApplication1\Debug\animals.lib" /MACHINE:X86 Debug\Amphibia.obj
         Debug\Animals.obj
         Debug\Bird.obj
         Debug\Classes.obj
         Debug\Crocodile.obj
         Debug\Fish.obj
         Debug\Lion.obj
         Debug\Mammals.obj
         Debug\Owl.obj
         Debug\Parrot.obj
         Debug\Shark.obj
         Debug\stdafx.obj
         Debug\Tiger.obj
         ConsoleApplication1.vcxproj -> D:\oop\лаба2\ConsoleApplication1\Debug\animals.exe
     1>Построение проекта "D:\oop\лаба2\ConsoleApplication1\ConsoleApplication1\ConsoleApplication1.vcxproj" завершено (целевые объекты Build).

Построение успешно завершено.

Затраченное время: 00:00:01.73
